<?xml version="1.0" encoding="UTF-8"?>
<testng-results skipped="0" failed="1" ignored="0" total="5" passed="4">
  <reporter-output>
  </reporter-output>
  <suite name="Default suite" duration-ms="39462" started-at="2021-12-15T09:41:25Z" finished-at="2021-12-15T09:42:05Z">
    <groups>
    </groups>
    <test name="Default test" duration-ms="39462" started-at="2021-12-15T09:41:25Z" finished-at="2021-12-15T09:42:05Z">
      <class name="SeleniumTests.SeleniumTests.HomePageTest">
        <test-method status="PASS" signature="setup()[pri:0, instance:SeleniumTests.SeleniumTests.HomePageTest@5622fdf]" name="setup" is-config="true" duration-ms="3536" started-at="2021-12-15T15:11:25Z" finished-at="2021-12-15T15:11:29Z">
          <reporter-output>
          </reporter-output>
        </test-method> <!-- setup -->
        <test-method status="PASS" signature="OpenAppTest()[pri:1, instance:SeleniumTests.SeleniumTests.HomePageTest@5622fdf]" name="OpenAppTest" duration-ms="1744" started-at="2021-12-15T15:11:29Z" finished-at="2021-12-15T15:11:31Z">
          <reporter-output>
          </reporter-output>
        </test-method> <!-- OpenAppTest -->
        <test-method status="PASS" signature="HomeClickTest()[pri:2, instance:SeleniumTests.SeleniumTests.HomePageTest@5622fdf]" name="HomeClickTest" duration-ms="358" started-at="2021-12-15T15:11:31Z" finished-at="2021-12-15T15:11:31Z">
          <reporter-output>
          </reporter-output>
        </test-method> <!-- HomeClickTest -->
        <test-method status="PASS" signature="ClickFlightTest()[pri:3, instance:SeleniumTests.SeleniumTests.HomePageTest@5622fdf]" name="ClickFlightTest" duration-ms="796" started-at="2021-12-15T15:11:31Z" finished-at="2021-12-15T15:11:32Z">
          <reporter-output>
          </reporter-output>
        </test-method> <!-- ClickFlightTest -->
        <test-method status="FAIL" signature="ClickHotelTest()[pri:4, instance:SeleniumTests.SeleniumTests.HomePageTest@5622fdf]" name="ClickHotelTest" duration-ms="31079" started-at="2021-12-15T15:11:32Z" finished-at="2021-12-15T15:12:03Z">
          <exception class="org.openqa.selenium.NoSuchElementException">
            <message>
              <![CDATA[no such element: Unable to locate element: {"method":"xpath","selector":"//*[@id="tpwl-main-form"]/div/div[1]/section/div/section/header/div/label"}
  (Session info: chrome=96.0.4664.93)
For documentation on this error, please visit: https://www.seleniumhq.org/exceptions/no_such_element.html
Build info: version: '3.141.59', revision: 'e82be7d358', time: '2018-11-14T08:17:03'
System info: host: 'LAPTOP-ODB502Q4', ip: '9.81.181.211', os.name: 'Windows 10', os.arch: 'amd64', os.version: '10.0', java.version: '1.8.0_311'
Driver info: org.openqa.selenium.chrome.ChromeDriver
Capabilities {acceptInsecureCerts: true, browserName: chrome, browserVersion: 96.0.4664.93, chrome: {chromedriverVersion: 96.0.4664.45 (76e4c1bb2ab46..., userDataDir: C:\Users\VIJAYA~1\AppData\L...}, goog:chromeOptions: {debuggerAddress: localhost:64026}, javascriptEnabled: true, networkConnectionEnabled: false, pageLoadStrategy: normal, platform: WINDOWS, platformName: WINDOWS, proxy: Proxy(), setWindowRect: true, strictFileInteractability: false, timeouts: {implicit: 0, pageLoad: 300000, script: 30000}, unhandledPromptBehavior: dismiss and notify, webauthn:extension:credBlob: true, webauthn:extension:largeBlob: true, webauthn:virtualAuthenticators: true}
Session ID: 3e918b552ac4050a006d88430e14dc1b
*** Element info: {Using=xpath, value=//*[@id="tpwl-main-form"]/div/div[1]/section/div/section/header/div/label}]]>
            </message>
            <full-stacktrace>
              <![CDATA[org.openqa.selenium.NoSuchElementException: no such element: Unable to locate element: {"method":"xpath","selector":"//*[@id="tpwl-main-form"]/div/div[1]/section/div/section/header/div/label"}
  (Session info: chrome=96.0.4664.93)
For documentation on this error, please visit: https://www.seleniumhq.org/exceptions/no_such_element.html
Build info: version: '3.141.59', revision: 'e82be7d358', time: '2018-11-14T08:17:03'
System info: host: 'LAPTOP-ODB502Q4', ip: '9.81.181.211', os.name: 'Windows 10', os.arch: 'amd64', os.version: '10.0', java.version: '1.8.0_311'
Driver info: org.openqa.selenium.chrome.ChromeDriver
Capabilities {acceptInsecureCerts: true, browserName: chrome, browserVersion: 96.0.4664.93, chrome: {chromedriverVersion: 96.0.4664.45 (76e4c1bb2ab46..., userDataDir: C:\Users\VIJAYA~1\AppData\L...}, goog:chromeOptions: {debuggerAddress: localhost:64026}, javascriptEnabled: true, networkConnectionEnabled: false, pageLoadStrategy: normal, platform: WINDOWS, platformName: WINDOWS, proxy: Proxy(), setWindowRect: true, strictFileInteractability: false, timeouts: {implicit: 0, pageLoad: 300000, script: 30000}, unhandledPromptBehavior: dismiss and notify, webauthn:extension:credBlob: true, webauthn:extension:largeBlob: true, webauthn:virtualAuthenticators: true}
Session ID: 3e918b552ac4050a006d88430e14dc1b
*** Element info: {Using=xpath, value=//*[@id="tpwl-main-form"]/div/div[1]/section/div/section/header/div/label}
	at sun.reflect.NativeConstructorAccessorImpl.newInstance0(Native Method)
	at sun.reflect.NativeConstructorAccessorImpl.newInstance(NativeConstructorAccessorImpl.java:62)
	at sun.reflect.DelegatingConstructorAccessorImpl.newInstance(DelegatingConstructorAccessorImpl.java:45)
	at java.lang.reflect.Constructor.newInstance(Constructor.java:423)
	at org.openqa.selenium.remote.http.W3CHttpResponseCodec.createException(W3CHttpResponseCodec.java:187)
	at org.openqa.selenium.remote.http.W3CHttpResponseCodec.decode(W3CHttpResponseCodec.java:122)
	at org.openqa.selenium.remote.http.W3CHttpResponseCodec.decode(W3CHttpResponseCodec.java:49)
	at org.openqa.selenium.remote.HttpCommandExecutor.execute(HttpCommandExecutor.java:158)
	at org.openqa.selenium.remote.service.DriverCommandExecutor.execute(DriverCommandExecutor.java:83)
	at org.openqa.selenium.remote.RemoteWebDriver.execute(RemoteWebDriver.java:552)
	at org.openqa.selenium.remote.RemoteWebDriver.findElement(RemoteWebDriver.java:323)
	at org.openqa.selenium.remote.RemoteWebDriver.findElementByXPath(RemoteWebDriver.java:428)
	at org.openqa.selenium.By$ByXPath.findElement(By.java:353)
	at org.openqa.selenium.remote.RemoteWebDriver.findElement(RemoteWebDriver.java:315)
	at org.openqa.selenium.support.pagefactory.DefaultElementLocator.findElement(DefaultElementLocator.java:69)
	at org.openqa.selenium.support.pagefactory.internal.LocatingElementHandler.invoke(LocatingElementHandler.java:38)
	at com.sun.proxy.$Proxy9.isDisplayed(Unknown Source)
	at SeleniumTests.SeleniumTests.HomePage.clickHotel(HomePage.java:51)
	at SeleniumTests.SeleniumTests.HomePageTest.ClickHotelTest(HomePageTest.java:42)
	at sun.reflect.NativeMethodAccessorImpl.invoke0(Native Method)
	at sun.reflect.NativeMethodAccessorImpl.invoke(NativeMethodAccessorImpl.java:62)
	at sun.reflect.DelegatingMethodAccessorImpl.invoke(DelegatingMethodAccessorImpl.java:43)
	at java.lang.reflect.Method.invoke(Method.java:498)
	at org.testng.internal.MethodInvocationHelper.invokeMethod(MethodInvocationHelper.java:108)
	at org.testng.internal.Invoker.invokeMethod(Invoker.java:661)
	at org.testng.internal.Invoker.invokeTestMethod(Invoker.java:869)
	at org.testng.internal.Invoker.invokeTestMethods(Invoker.java:1193)
	at org.testng.internal.TestMethodWorker.invokeTestMethods(TestMethodWorker.java:126)
	at org.testng.internal.TestMethodWorker.run(TestMethodWorker.java:109)
	at org.testng.TestRunner.privateRun(TestRunner.java:744)
	at org.testng.TestRunner.run(TestRunner.java:602)
	at org.testng.SuiteRunner.runTest(SuiteRunner.java:380)
	at org.testng.SuiteRunner.runSequentially(SuiteRunner.java:375)
	at org.testng.SuiteRunner.privateRun(SuiteRunner.java:340)
	at org.testng.SuiteRunner.run(SuiteRunner.java:289)
	at org.testng.SuiteRunnerWorker.runSuite(SuiteRunnerWorker.java:52)
	at org.testng.SuiteRunnerWorker.run(SuiteRunnerWorker.java:86)
	at org.testng.TestNG.runSuitesSequentially(TestNG.java:1301)
	at org.testng.TestNG.runSuitesLocally(TestNG.java:1226)
	at org.testng.TestNG.runSuites(TestNG.java:1144)
	at org.testng.TestNG.run(TestNG.java:1115)
	at org.testng.remote.AbstractRemoteTestNG.run(AbstractRemoteTestNG.java:126)
	at org.testng.remote.RemoteTestNG.initAndRun(RemoteTestNG.java:137)
	at org.testng.remote.RemoteTestNG.main(RemoteTestNG.java:58)
]]>
            </full-stacktrace>
          </exception> <!-- org.openqa.selenium.NoSuchElementException -->
          <reporter-output>
          </reporter-output>
        </test-method> <!-- ClickHotelTest -->
        <test-method status="PASS" signature="ClickPackagesTest()[pri:5, instance:SeleniumTests.SeleniumTests.HomePageTest@5622fdf]" name="ClickPackagesTest" duration-ms="1052" started-at="2021-12-15T15:12:03Z" finished-at="2021-12-15T15:12:04Z">
          <reporter-output>
          </reporter-output>
        </test-method> <!-- ClickPackagesTest -->
        <test-method status="PASS" signature="teardown()[pri:0, instance:SeleniumTests.SeleniumTests.HomePageTest@5622fdf]" name="teardown" is-config="true" duration-ms="850" started-at="2021-12-15T15:12:04Z" finished-at="2021-12-15T15:12:05Z">
          <reporter-output>
          </reporter-output>
        </test-method> <!-- teardown -->
      </class> <!-- SeleniumTests.SeleniumTests.HomePageTest -->
    </test> <!-- Default test -->
  </suite> <!-- Default suite -->
</testng-results>
